Run finished at Tue Oct  4 14:57:28 2022
Global runtime       = 9368ms / 9.368s
Number of processors = 1
# Rank: 0

                                             Event |      Count |  Total[ms] |    Max[ms] |    Min[ms] |    Avg[ms] | Time Ratio |
----------------------------------------------------------------------------------------------------------------------------------
                                           _GLOBAL |          1 |       9368 |       9368 |       9368 |       9368 |          1 |
                                           advance |         10 |          0 |          0 |          0 |          0 |          0 |
                              advance/m2n.sendData |         10 |          0 |          0 |          0 |          0 |          0 |
                                         configure |          1 |          0 |          0 |          0 |          0 |          0 |
                                          finalize |          1 |        451 |        451 |        451 |        451 |     0.0481 |
                                        initialize |          1 |       8916 |       8916 |       8916 |       8916 |      0.952 |
        initialize/m2n.acceptPrimaryRankConnection |          1 |       8912 |       8912 |       8912 |       8912 |      0.951 |
     initialize/m2n.acceptSecondaryRanksConnection |          1 |          3 |          3 |          3 |          3 |    0.00032 |
       initialize/m2n.broadcastVertexDistributions |          1 |          0 |          0 |          0 |          0 |          0 |
              initialize/m2n.buildCommunicationMap |          1 |          0 |          0 |          0 |          0 |          0 |
               initialize/m2n.createCommunications |          1 |          1 |          1 |          1 |          1 |   0.000107 |
         initialize/m2n.exchangeVertexDistribution |          1 |          1 |          1 |          1 |          1 |   0.000107 |
     initialize/partition.gatherMesh.boundary-mesh |          1 |          0 |          0 |          0 |          0 |          0 |
    initialize/partition.prepareMesh.boundary-mesh |          1 |          0 |          0 |          0 |          0 |          0 |
 initialize/partition.sendGlobalMesh.boundary-mesh |          1 |          0 |          0 |          0 |          0 |          0 |
                                    solver.advance |         10 |          0 |          0 |          0 |          0 |          0 |
                                 solver.initialize |          1 |          0 |          0 |          0 |          0 |          0 |


                                              Name |        Max |  MaxOnRank |        Min |  MinOnRank |    Min/Max |
---------------------------------------------------------------------------------------------------------------------
                                           _GLOBAL |       9368 |          0 |       9368 |          0 |          1 |
                                           advance |          0 |          0 |          0 |          0 |          0 |
                              advance/m2n.sendData |          0 |          0 |          0 |          0 |          0 |
                                         configure |          0 |          0 |          0 |          0 |          0 |
                                          finalize |        451 |          0 |        451 |          0 |          1 |
                                        initialize |       8916 |          0 |       8916 |          0 |          1 |
        initialize/m2n.acceptPrimaryRankConnection |       8912 |          0 |       8912 |          0 |          1 |
     initialize/m2n.acceptSecondaryRanksConnection |          3 |          0 |          3 |          0 |          1 |
       initialize/m2n.broadcastVertexDistributions |          0 |          0 |          0 |          0 |          0 |
              initialize/m2n.buildCommunicationMap |          0 |          0 |          0 |          0 |          0 |
               initialize/m2n.createCommunications |          1 |          0 |          1 |          0 |          1 |
         initialize/m2n.exchangeVertexDistribution |          1 |          0 |          1 |          0 |          1 |
     initialize/partition.gatherMesh.boundary-mesh |          0 |          0 |          0 |          0 |          0 |
    initialize/partition.prepareMesh.boundary-mesh |          0 |          0 |          0 |          0 |          0 |
 initialize/partition.sendGlobalMesh.boundary-mesh |          0 |          0 |          0 |          0 |          0 |
                                    solver.advance |          0 |          0 |          0 |          0 |          0 |
                                 solver.initialize |          0 |          0 |          0 |          0 |          0 |
