Run finished at Tue Oct  4 14:57:28 2022
Global runtime       = 511ms / 0.511s
Number of processors = 1
# Rank: 0

                                                            Event |      Count |  Total[ms] |    Max[ms] |    Min[ms] |    Avg[ms] | Time Ratio |
-------------------------------------------------------------------------------------------------------------------------------------------------
                                                          _GLOBAL |          1 |        511 |        511 |        511 |        511 |          1 |
                                                          advance |         10 |          0 |          0 |          0 |          0 |          0 |
                                          advance/m2n.receiveData |          9 |          0 |          0 |          0 |          0 |          0 |
           advance/map.rbf.mapData.Fromboundary-meshTodealii-mesh |          9 |          0 |          0 |          0 |          0 |          0 |
                                                        configure |          1 |          0 |          0 |          0 |          0 |          0 |
                                                         finalize |          1 |          0 |          0 |          0 |          0 |          0 |
                                                       initialize |          1 |          4 |          4 |          4 |          4 |    0.00783 |
                      initialize/m2n.broadcastVertexDistributions |          1 |          0 |          0 |          0 |          0 |          0 |
                             initialize/m2n.buildCommunicationMap |          1 |          0 |          0 |          0 |          0 |          0 |
                              initialize/m2n.createCommunications |          1 |          1 |          1 |          1 |          1 |    0.00196 |
                        initialize/m2n.exchangeVertexDistribution |          1 |          1 |          1 |          1 |          1 |    0.00196 |
                                       initialize/m2n.receiveData |          1 |          0 |          0 |          0 |          0 |          0 |
                      initialize/m2n.requestPrimaryRankConnection |          1 |          0 |          0 |          0 |          0 |          0 |
                   initialize/m2n.requestSecondaryRanksConnection |          1 |          3 |          3 |          3 |          3 |    0.00587 |
 initialize/map.rbf.computeMapping.Fromboundary-meshTodealii-mesh |          1 |          0 |          0 |          0 |          0 |          0 |
        initialize/map.rbf.mapData.Fromboundary-meshTodealii-mesh |          1 |          0 |          0 |          0 |          0 |          0 |
                     initialize/partition.prepareMesh.dealii-mesh |          1 |          0 |          0 |          0 |          0 |          0 |
             initialize/partition.receiveGlobalMesh.boundary-mesh |          1 |          0 |          0 |          0 |          0 |          0 |
                                                   solver.advance |         10 |        386 |         48 |          9 |         38 |      0.755 |
                                                solver.initialize |          1 |        118 |        118 |        118 |        118 |      0.231 |


                                                             Name |        Max |  MaxOnRank |        Min |  MinOnRank |    Min/Max |
------------------------------------------------------------------------------------------------------------------------------------
                                                          _GLOBAL |        511 |          0 |        511 |          0 |          1 |
                                                          advance |          0 |          0 |          0 |          0 |          0 |
                                          advance/m2n.receiveData |          0 |          0 |          0 |          0 |          0 |
           advance/map.rbf.mapData.Fromboundary-meshTodealii-mesh |          0 |          0 |          0 |          0 |          0 |
                                                        configure |          0 |          0 |          0 |          0 |          0 |
                                                         finalize |          0 |          0 |          0 |          0 |          0 |
                                                       initialize |          4 |          0 |          4 |          0 |          1 |
                      initialize/m2n.broadcastVertexDistributions |          0 |          0 |          0 |          0 |          0 |
                             initialize/m2n.buildCommunicationMap |          0 |          0 |          0 |          0 |          0 |
                              initialize/m2n.createCommunications |          1 |          0 |          1 |          0 |          1 |
                        initialize/m2n.exchangeVertexDistribution |          1 |          0 |          1 |          0 |          1 |
                                       initialize/m2n.receiveData |          0 |          0 |          0 |          0 |          0 |
                      initialize/m2n.requestPrimaryRankConnection |          0 |          0 |          0 |          0 |          0 |
                   initialize/m2n.requestSecondaryRanksConnection |          3 |          0 |          3 |          0 |          1 |
 initialize/map.rbf.computeMapping.Fromboundary-meshTodealii-mesh |          0 |          0 |          0 |          0 |          0 |
        initialize/map.rbf.mapData.Fromboundary-meshTodealii-mesh |          0 |          0 |          0 |          0 |          0 |
                     initialize/partition.prepareMesh.dealii-mesh |          0 |          0 |          0 |          0 |          0 |
             initialize/partition.receiveGlobalMesh.boundary-mesh |          0 |          0 |          0 |          0 |          0 |
                                                   solver.advance |         48 |          0 |          9 |          0 |     0.1875 |
                                                solver.initialize |        118 |          0 |        118 |          0 |          1 |
